Using pre-set license
Built from '2020.3/release' branch; Version is '2020.3.2f1 (8fd9074bf66c) revision 9427207'; Using compiler version '192528614'; Build Type 'Release'
OS: 'Windows 10 Home; OS build 19041.867; Version 2004; 64bit' Language: 'en' Physical Memory: 8037 MB
BatchMode: 1, IsHumanControllingUs: 0, StartBugReporterOnCrash: 0, Is64bit: 1, IsPro: 0

 COMMAND LINE ARGUMENTS:
C:\Program Files\Unity\Hub\Editor\2020.3.2f1\Editor\Unity.exe
-adb2
-batchMode
-noUpm
-name
AssetImportWorker0
-projectPath
C:/Users/ecwin/OneDrive/Desktop/Emerge View
-logFile
Logs/AssetImportWorker0.log
-srvPort
59931
Successfully changed project path to: C:/Users/ecwin/OneDrive/Desktop/Emerge View
C:/Users/ecwin/OneDrive/Desktop/Emerge View
Using Asset Import Pipeline V2.
Refreshing native plugins compatible for Editor in 242.65 ms, found 6 plugins.
Preloading 1 native plugins for Editor in 6.73 ms.
Initialize engine version: 2020.3.2f1 (8fd9074bf66c)
[Subsystems] Discovering subsystems at path C:/Program Files/Unity/Hub/Editor/2020.3.2f1/Editor/Data/Resources/UnitySubsystems
[Subsystems] Discovering subsystems at path C:/Users/ecwin/OneDrive/Desktop/Emerge View/Assets
GfxDevice: creating device client; threaded=0
Direct3D:
    Version:  Direct3D 11.0 [level 11.1]
    Renderer: Intel(R) UHD Graphics 620 (ID=0x3ea0)
    Vendor:   
    VRAM:     4018 MB
    Driver:   25.20.100.6578
Shader 'Oculus/OVRMRCameraFrameLit': fallback shader 'Alpha-Diffuse' not found
Initialize mono
Mono path[0] = 'C:/Program Files/Unity/Hub/Editor/2020.3.2f1/Editor/Data/Managed'
Mono path[1] = 'C:/Program Files/Unity/Hub/Editor/2020.3.2f1/Editor/Data/MonoBleedingEdge/lib/mono/unityjit'
Mono config path = 'C:/Program Files/Unity/Hub/Editor/2020.3.2f1/Editor/Data/MonoBleedingEdge/etc'
Using monoOptions --debugger-agent=transport=dt_socket,embedding=1,server=y,suspend=n,address=127.0.0.1:56052
Begin MonoManager ReloadAssembly
Registering precompiled unity dll's ...
Register platform support module: C:/Program Files/Unity/Hub/Editor/2020.3.2f1/Editor/Data/PlaybackEngines/WindowsStandaloneSupport/UnityEditor.WindowsStandalone.Extensions.dll
Registered in 0.002925 seconds.
Native extension for WindowsStandalone target not found
Refreshing native plugins compatible for Editor in 64.32 ms, found 6 plugins.
Preloading 1 native plugins for Editor in 0.09 ms.
Invoked RoslynAnalysisRunner static constructor.
RoslynAnalysisRunner will not be running.
RoslynAnalysisRunner has terminated.
Mono: successfully reloaded assembly
- Completed reload, in  5.755 seconds
Platform modules already initialized, skipping
Registering precompiled user dll's ...
Registered in 0.023173 seconds.
Begin MonoManager ReloadAssembly
Native extension for WindowsStandalone target not found
Refreshing native plugins compatible for Editor in 68.88 ms, found 6 plugins.
Preloading 1 native plugins for Editor in 0.09 ms.
Invoked RoslynAnalysisRunner static constructor.
RoslynAnalysisRunner will not be running.
RoslynAnalysisRunner has terminated.
[XR] OculusXRPlugin: registering subsystems
[XR] Unable to register display lifecyle provider: [1]
[XR] Oculus Input lifecycle provider registered.
[XR] Unable to register input lifecyle provider: [1]
[XR] OVRP version 1.57.0
Mono: successfully reloaded assembly
- Completed reload, in  1.269 seconds
Platform modules already initialized, skipping
========================================================================
Worker process is ready to serve import requests
Shader 'Oculus/OVRMRCameraFrameLit': fallback shader 'Alpha-Diffuse' not found
Launched and connected shader compiler UnityShaderCompiler.exe after 0.07 seconds
Refreshing native plugins compatible for Editor in 0.82 ms, found 6 plugins.
Preloading 1 native plugins for Editor in 0.07 ms.
Unloading 1947 Unused Serialized files (Serialized files now loaded: 0)
System memory in use before: 172.1 MB.
System memory in use after: 172.2 MB.

Unloading 56 unused Assets to reduce memory usage. Loaded Objects now: 2364.
Total: 5.726400 ms (FindLiveObjects: 0.265100 ms CreateObjectMapping: 0.087300 ms MarkObjects: 4.999100 ms  DeleteObjects: 0.373300 ms)

========================================================================
Received Import Request.
  path: Assets/Oculus/VR/Prefabs/OVRHandPrefab.prefab
  artifactKey: Guid(835e735ca71bf78459fb2cababd74112) Importer(815301076,1909f56bfc062723c751e8b465ee728b)
Start importing Assets/Oculus/VR/Prefabs/OVRHandPrefab.prefab using Guid(835e735ca71bf78459fb2cababd74112) Importer(815301076,1909f56bfc062723c751e8b465ee728b)  -> (artifact id: 'fec60754730e6516114025899acdefd5') in 0.124069 seconds
  Import took 0.133085 seconds .

========================================================================
Received Prepare
Shader 'Oculus/OVRMRCameraFrameLit': fallback shader 'Alpha-Diffuse' not found
Refreshing native plugins compatible for Editor in 35.76 ms, found 6 plugins.
Preloading 1 native plugins for Editor in 0.76 ms.
Unloading 49 Unused Serialized files (Serialized files now loaded: 0)
System memory in use before: 129.5 MB.
System memory in use after: 129.6 MB.

Unloading 48 unused Assets to reduce memory usage. Loaded Objects now: 2364.
Total: 6.583700 ms (FindLiveObjects: 1.295300 ms CreateObjectMapping: 0.089000 ms MarkObjects: 5.151100 ms  DeleteObjects: 0.045400 ms)

========================================================================
Received Prepare
Shader 'Oculus/OVRMRCameraFrameLit': fallback shader 'Alpha-Diffuse' not found
Refreshing native plugins compatible for Editor in 20.94 ms, found 6 plugins.
Preloading 1 native plugins for Editor in 0.14 ms.
Unloading 49 Unused Serialized files (Serialized files now loaded: 0)
System memory in use before: 129.5 MB.
System memory in use after: 129.6 MB.

Unloading 48 unused Assets to reduce memory usage. Loaded Objects now: 2364.
Total: 203.270100 ms (FindLiveObjects: 1.151000 ms CreateObjectMapping: 0.265300 ms MarkObjects: 201.806900 ms  DeleteObjects: 0.042900 ms)

